<?xml version="1.0" encoding="UTF-8"?>
<testng-results skipped="0" failed="0" ignored="0" total="1" passed="1">
  <reporter-output>
  </reporter-output>
  <suite name="Default suite" duration-ms="4060" started-at="2022-07-16T01:07:28Z" finished-at="2022-07-16T01:07:32Z">
    <groups>
    </groups>
    <test name="Default test" duration-ms="4060" started-at="2022-07-16T01:07:28Z" finished-at="2022-07-16T01:07:32Z">
      <class name="testCases.ReadOneProduct">
        <test-method status="PASS" signature="readAllProducts()[pri:0, instance:testCases.ReadOneProduct@2890c451]" name="readAllProducts" duration-ms="4035" started-at="2022-07-16T01:07:28Z" finished-at="2022-07-16T01:07:32Z">
          <reporter-output>
          </reporter-output>
        </test-method> <!-- readAllProducts -->
      </class> <!-- testCases.ReadOneProduct -->
    </test> <!-- Default test -->
  </suite> <!-- Default suite -->
</testng-results>
